<?xml version="1.0" encoding="UTF-8"?>
<!-- Generated by org.testng.reporters.JUnitXMLReporter -->
<testsuite ignored="0" hostname="DESKTOP-BMKO4RJ" failures="0" tests="6" name="Default test" time="16.919" errors="0" timestamp="2024-02-21T14:52:20 IST">
  <testcase classname="api.test.DDTests" name="testPostuser" time="4.723"/>
  <testcase classname="api.test.DDTests" name="testPostuser" time="2.07"/>
  <testcase classname="api.test.DDTests" name="testPostuser" time="2.254"/>
  <testcase classname="api.test.DDTests" name="testDeleteUserByName" time="1.955"/>
  <testcase classname="api.test.DDTests" name="testDeleteUserByName" time="2.043"/>
  <testcase classname="api.test.DDTests" name="testDeleteUserByName" time="2.048"/>
</testsuite> <!-- Default test -->
