<?xml version="1.0" encoding="UTF-8"?>
<testng-results ignored="0" total="4" passed="4" failed="0" skipped="0">
  <reporter-output>
  </reporter-output>
  <suite started-at="2024-02-23T13:32:33 IST" name="petSuite" finished-at="2024-02-23T13:32:52 IST" duration-ms="18160">
    <groups>
    </groups>
    <test started-at="2024-02-23T13:32:33 IST" name="petTest" finished-at="2024-02-23T13:32:52 IST" duration-ms="18160">
      <class name="api.test.UserTests2">
        <test-method is-config="true" signature="setup()[pri:0, instance:api.test.UserTests2@6e171cd7]" started-at="2024-02-23T13:32:34 IST" name="setup" finished-at="2024-02-23T13:32:36 IST" duration-ms="1962" status="PASS">
          <reporter-output>
          </reporter-output>
        </test-method> <!-- setup -->
        <test-method signature="testPostUser()[pri:1, instance:api.test.UserTests2@6e171cd7]" started-at="2024-02-23T13:32:36 IST" name="testPostUser" finished-at="2024-02-23T13:32:43 IST" duration-ms="7081" status="PASS">
          <reporter-output>
          </reporter-output>
        </test-method> <!-- testPostUser -->
        <test-method signature="testGetUserByName()[pri:2, instance:api.test.UserTests2@6e171cd7]" started-at="2024-02-23T13:32:43 IST" name="testGetUserByName" finished-at="2024-02-23T13:32:46 IST" duration-ms="2270" status="PASS">
          <reporter-output>
          </reporter-output>
        </test-method> <!-- testGetUserByName -->
        <test-method signature="testUpdateUserByName()[pri:3, instance:api.test.UserTests2@6e171cd7]" started-at="2024-02-23T13:32:46 IST" name="testUpdateUserByName" finished-at="2024-02-23T13:32:50 IST" duration-ms="3981" status="PASS">
          <reporter-output>
          </reporter-output>
        </test-method> <!-- testUpdateUserByName -->
        <test-method signature="testDeleteUserByName()[pri:4, instance:api.test.UserTests2@6e171cd7]" started-at="2024-02-23T13:32:50 IST" name="testDeleteUserByName" finished-at="2024-02-23T13:32:52 IST" duration-ms="2143" status="PASS">
          <reporter-output>
          </reporter-output>
        </test-method> <!-- testDeleteUserByName -->
      </class> <!-- api.test.UserTests2 -->
    </test> <!-- petTest -->
  </suite> <!-- petSuite -->
</testng-results>
