<?xml version="1.0" encoding="UTF-8"?>
<testng-results ignored="0" total="4" passed="4" failed="0" skipped="0">
  <reporter-output>
  </reporter-output>
  <suite started-at="2024-02-21T18:27:17 IST" name="petSuite" finished-at="2024-02-21T18:27:32 IST" duration-ms="15036">
    <groups>
    </groups>
    <test started-at="2024-02-21T18:27:17 IST" name="petTest" finished-at="2024-02-21T18:27:32 IST" duration-ms="15036">
      <class name="api.test.UserTests2">
        <test-method is-config="true" signature="setup()[pri:0, instance:api.test.UserTests2@235834f2]" started-at="2024-02-21T18:27:18 IST" name="setup" finished-at="2024-02-21T18:27:19 IST" duration-ms="1037" status="PASS">
          <reporter-output>
          </reporter-output>
        </test-method> <!-- setup -->
        <test-method signature="testPostUser()[pri:1, instance:api.test.UserTests2@235834f2]" started-at="2024-02-21T18:27:19 IST" name="testPostUser" finished-at="2024-02-21T18:27:23 IST" duration-ms="4914" status="PASS">
          <reporter-output>
          </reporter-output>
        </test-method> <!-- testPostUser -->
        <test-method signature="testGetUserByName()[pri:2, instance:api.test.UserTests2@235834f2]" started-at="2024-02-21T18:27:23 IST" name="testGetUserByName" finished-at="2024-02-21T18:27:25 IST" duration-ms="1914" status="PASS">
          <reporter-output>
          </reporter-output>
        </test-method> <!-- testGetUserByName -->
        <test-method signature="testUpdateUserByName()[pri:3, instance:api.test.UserTests2@235834f2]" started-at="2024-02-21T18:27:25 IST" name="testUpdateUserByName" finished-at="2024-02-21T18:27:30 IST" duration-ms="4702" status="PASS">
          <reporter-output>
          </reporter-output>
        </test-method> <!-- testUpdateUserByName -->
        <test-method signature="testDeleteUserByName()[pri:4, instance:api.test.UserTests2@235834f2]" started-at="2024-02-21T18:27:30 IST" name="testDeleteUserByName" finished-at="2024-02-21T18:27:32 IST" duration-ms="2039" status="PASS">
          <reporter-output>
          </reporter-output>
        </test-method> <!-- testDeleteUserByName -->
      </class> <!-- api.test.UserTests2 -->
    </test> <!-- petTest -->
  </suite> <!-- petSuite -->
</testng-results>
