<?xml version="1.0" encoding="UTF-8"?>
<!-- Generated by org.testng.reporters.JUnitXMLReporter -->
<testsuite ignored="0" hostname="DESKTOP-BMKO4RJ" failures="0" tests="4" name="petTest" time="18.16" errors="0" timestamp="2024-02-23T13:32:52 IST">
  <testcase classname="api.test.UserTests2" name="testPostUser" time="7.081"/>
  <testcase classname="api.test.UserTests2" name="testGetUserByName" time="2.27"/>
  <testcase classname="api.test.UserTests2" name="testUpdateUserByName" time="3.981"/>
  <testcase classname="api.test.UserTests2" name="testDeleteUserByName" time="2.143"/>
</testsuite> <!-- petTest -->
