<?xml version="1.0" encoding="UTF-8"?>
<!-- Generated by org.testng.reporters.JUnitXMLReporter -->
<testsuite ignored="0" hostname="DESKTOP-BMKO4RJ" failures="0" tests="4" name="petTest" time="15.036" errors="0" timestamp="2024-02-21T18:27:32 IST">
  <testcase classname="api.test.UserTests2" name="testPostUser" time="4.914"/>
  <testcase classname="api.test.UserTests2" name="testGetUserByName" time="1.914"/>
  <testcase classname="api.test.UserTests2" name="testUpdateUserByName" time="4.702"/>
  <testcase classname="api.test.UserTests2" name="testDeleteUserByName" time="2.039"/>
</testsuite> <!-- petTest -->
